Using pre-set license
Built from '2020.3/staging' branch; Version is '2020.3.3f1 (76626098c1c4) revision 7758432'; Using compiler version '192528614'; Build Type 'Release'
OS: 'Windows 10 Pro; OS build 18363.1440; Version 1909; 64bit' Language: 'en' Physical Memory: 8073 MB
BatchMode: 1, IsHumanControllingUs: 0, StartBugReporterOnCrash: 0, Is64bit: 1, IsPro: 0

 COMMAND LINE ARGUMENTS:
D:\UNITY\2020.3.3f1\Editor\Unity.exe
-adb2
-batchMode
-noUpm
-name
AssetImportWorker0
-projectPath
D:/VladTel/New Unity Project
-logFile
Logs/AssetImportWorker0.log
-srvPort
46484
Successfully changed project path to: D:/VladTel/New Unity Project
D:/VladTel/New Unity Project
Using Asset Import Pipeline V2.
Refreshing native plugins compatible for Editor in 57.90 ms, found 1 plugins.
Preloading 0 native plugins for Editor in 0.00 ms.
Initialize engine version: 2020.3.3f1 (76626098c1c4)
[Subsystems] Discovering subsystems at path D:/UNITY/2020.3.3f1/Editor/Data/Resources/UnitySubsystems
[Subsystems] Discovering subsystems at path D:/VladTel/New Unity Project/Assets
GfxDevice: creating device client; threaded=0
Direct3D:
    Version:  Direct3D 11.0 [level 11.1]
    Renderer: NVIDIA GeForce GTX 1050 (ID=0x1c8d)
    Vendor:   
    VRAM:     4021 MB
    Driver:   27.21.14.5167
Initialize mono
Mono path[0] = 'D:/UNITY/2020.3.3f1/Editor/Data/Managed'
Mono path[1] = 'D:/UNITY/2020.3.3f1/Editor/Data/MonoBleedingEdge/lib/mono/unityjit'
Mono config path = 'D:/UNITY/2020.3.3f1/Editor/Data/MonoBleedingEdge/etc'
Using monoOptions --debugger-agent=transport=dt_socket,embedding=1,server=y,suspend=n,address=127.0.0.1:56448
Begin MonoManager ReloadAssembly
Registering precompiled unity dll's ...
Register platform support module: D:/UNITY/2020.3.3f1/Editor/Data/PlaybackEngines/WebGLSupport/UnityEditor.WebGL.Extensions.dll
Register platform support module: D:/UNITY/2020.3.3f1/Editor/Data/PlaybackEngines/WindowsStandaloneSupport/UnityEditor.WindowsStandalone.Extensions.dll
Registered in 0.001288 seconds.
Native extension for WindowsStandalone target not found
Native extension for WebGL target not found
Refreshing native plugins compatible for Editor in 58.83 ms, found 1 plugins.
Preloading 0 native plugins for Editor in 0.00 ms.
Invoked RoslynAnalysisRunner static constructor.
RoslynAnalysisRunner will not be running.
RoslynAnalysisRunner has terminated.
Mono: successfully reloaded assembly
- Completed reload, in  1.175 seconds
Platform modules already initialized, skipping
Registering precompiled user dll's ...
Registered in 0.001576 seconds.
Begin MonoManager ReloadAssembly
Native extension for WindowsStandalone target not found
Native extension for WebGL target not found
Refreshing native plugins compatible for Editor in 53.89 ms, found 1 plugins.
Preloading 0 native plugins for Editor in 0.00 ms.
Invoked RoslynAnalysisRunner static constructor.
RoslynAnalysisRunner will not be running.
RoslynAnalysisRunner has terminated.
Mono: successfully reloaded assembly
- Completed reload, in  1.099 seconds
Platform modules already initialized, skipping
========================================================================
Worker process is ready to serve import requests
Launched and connected shader compiler UnityShaderCompiler.exe after 0.06 seconds
Refreshing native plugins compatible for Editor in 0.49 ms, found 1 plugins.
Preloading 0 native plugins for Editor in 0.00 ms.
Unloading 2152 Unused Serialized files (Serialized files now loaded: 0)
System memory in use before: 104.2 MB.
System memory in use after: 103.8 MB.

Unloading 27 unused Assets to reduce memory usage. Loaded Objects now: 2602.
Total: 3.120800 ms (FindLiveObjects: 0.269000 ms CreateObjectMapping: 0.173100 ms MarkObjects: 2.100300 ms  DeleteObjects: 0.576900 ms)

========================================================================
Received Prepare
Refreshing native plugins compatible for Editor in 1.80 ms, found 1 plugins.
Preloading 0 native plugins for Editor in 0.00 ms.
Unloading 12 Unused Serialized files (Serialized files now loaded: 0)
System memory in use before: 59.9 MB.
System memory in use after: 59.5 MB.

Unloading 12 unused Assets to reduce memory usage. Loaded Objects now: 2602.
Total: 3.167500 ms (FindLiveObjects: 0.297700 ms CreateObjectMapping: 0.170700 ms MarkObjects: 2.213300 ms  DeleteObjects: 0.464500 ms)

========================================================================
Received Import Request.
  path: Assets/Levels/Level 2.unity
  artifactKey: Guid(c556bff1308170e4fbd5ee10986e8c68) Importer(815301076,1909f56bfc062723c751e8b465ee728b)
Start importing Assets/Levels/Level 2.unity using Guid(c556bff1308170e4fbd5ee10986e8c68) Importer(815301076,1909f56bfc062723c751e8b465ee728b)  -> (artifact id: 'ceaad80be2ae59c59da3f4337005248d') in 0.015069 seconds
  Import took 0.019390 seconds .

========================================================================
Received Import Request.
  Time since last request: 0.002810 seconds.
  path: Assets/Levels/Level 2.unity
  artifactKey: Guid(c556bff1308170e4fbd5ee10986e8c68) Importer(815301076,1909f56bfc062723c751e8b465ee728b)
Start importing Assets/Levels/Level 2.unity using Guid(c556bff1308170e4fbd5ee10986e8c68) Importer(815301076,1909f56bfc062723c751e8b465ee728b)  -> (artifact id: 'ceaad80be2ae59c59da3f4337005248d') in 0.003114 seconds
  Import took 0.010918 seconds .

========================================================================
Received Prepare
Registering precompiled user dll's ...
Registered in 0.000995 seconds.
Begin MonoManager ReloadAssembly
Native extension for WindowsStandalone target not found
Native extension for WebGL target not found
Refreshing native plugins compatible for Editor in 1.87 ms, found 1 plugins.
Preloading 0 native plugins for Editor in 0.00 ms.
Invoked RoslynAnalysisRunner static constructor.
RoslynAnalysisRunner will not be running.
RoslynAnalysisRunner has terminated.
Mono: successfully reloaded assembly
- Completed reload, in  1.134 seconds
Platform modules already initialized, skipping
Refreshing native plugins compatible for Editor in 0.54 ms, found 1 plugins.
Preloading 0 native plugins for Editor in 0.00 ms.
Unloading 2124 Unused Serialized files (Serialized files now loaded: 0)
System memory in use before: 101.9 MB.
System memory in use after: 101.6 MB.

Unloading 15 unused Assets to reduce memory usage. Loaded Objects now: 2606.
Total: 3.483100 ms (FindLiveObjects: 0.367900 ms CreateObjectMapping: 0.453100 ms MarkObjects: 2.133100 ms  DeleteObjects: 0.527500 ms)

========================================================================
Received Import Request.
  Time since last request: 55.398035 seconds.
  path: Assets/Sprites&Tiles/Sprites/207 SPA-Coins.png
  artifactKey: Guid(122ddaf7f5aac1641b2acd0ca5705993) Importer(815301076,1909f56bfc062723c751e8b465ee728b)
Start importing Assets/Sprites&Tiles/Sprites/207 SPA-Coins.png using Guid(122ddaf7f5aac1641b2acd0ca5705993) Importer(815301076,1909f56bfc062723c751e8b465ee728b)  -> (artifact id: '072ad9624b442900f037be7226434768') in 0.230438 seconds
  Import took 0.235566 seconds .

========================================================================
Received Import Request.
  Time since last request: 31.825881 seconds.
  path: Assets/Sprites&Tiles/Sprites/207 SPA-Coins.png
  artifactKey: Guid(122ddaf7f5aac1641b2acd0ca5705993) Importer(815301076,1909f56bfc062723c751e8b465ee728b)
Start importing Assets/Sprites&Tiles/Sprites/207 SPA-Coins.png using Guid(122ddaf7f5aac1641b2acd0ca5705993) Importer(815301076,1909f56bfc062723c751e8b465ee728b)  -> (artifact id: '1953779ca89f0157a4d92b74373f2cad') in 0.018782 seconds
  Import took 0.025381 seconds .

========================================================================
Received Import Request.
  Time since last request: 11.438165 seconds.
  path: Assets/Sprites&Tiles/Sprites/207 SPA-Coins.png
  artifactKey: Guid(122ddaf7f5aac1641b2acd0ca5705993) Importer(815301076,1909f56bfc062723c751e8b465ee728b)
Start importing Assets/Sprites&Tiles/Sprites/207 SPA-Coins.png using Guid(122ddaf7f5aac1641b2acd0ca5705993) Importer(815301076,1909f56bfc062723c751e8b465ee728b)  -> (artifact id: 'b76c0bf835819a63ac738edb9dab74a1') in 0.016618 seconds
  Import took 0.023848 seconds .

========================================================================
Received Import Request.
  Time since last request: 0.041590 seconds.
  path: Assets/Sprites&Tiles/Sprites/207 SPA-Coins.png
  artifactKey: Guid(122ddaf7f5aac1641b2acd0ca5705993) Importer(815301076,1909f56bfc062723c751e8b465ee728b)
Start importing Assets/Sprites&Tiles/Sprites/207 SPA-Coins.png using Guid(122ddaf7f5aac1641b2acd0ca5705993) Importer(815301076,1909f56bfc062723c751e8b465ee728b)  -> (artifact id: 'b76c0bf835819a63ac738edb9dab74a1') in 0.008020 seconds
  Import took 0.015594 seconds .

========================================================================
Received Import Request.
  Time since last request: 29.428888 seconds.
  path: Assets/Sprites&Tiles/Sprites/207 SPA-Coins.png
  artifactKey: Guid(122ddaf7f5aac1641b2acd0ca5705993) Importer(815301076,1909f56bfc062723c751e8b465ee728b)
Start importing Assets/Sprites&Tiles/Sprites/207 SPA-Coins.png using Guid(122ddaf7f5aac1641b2acd0ca5705993) Importer(815301076,1909f56bfc062723c751e8b465ee728b)  -> (artifact id: 'f1fd0bf73f9ae52b0b7578596ba5bda9') in 0.038858 seconds
  Import took 0.043806 seconds .

========================================================================
Received Import Request.
  Time since last request: 0.083822 seconds.
  path: Assets/Sprites&Tiles/Sprites/207 SPA-Coins.png
  artifactKey: Guid(122ddaf7f5aac1641b2acd0ca5705993) Importer(815301076,1909f56bfc062723c751e8b465ee728b)
Start importing Assets/Sprites&Tiles/Sprites/207 SPA-Coins.png using Guid(122ddaf7f5aac1641b2acd0ca5705993) Importer(815301076,1909f56bfc062723c751e8b465ee728b)  -> (artifact id: 'f1fd0bf73f9ae52b0b7578596ba5bda9') in 0.057642 seconds
  Import took 0.062385 seconds .

========================================================================
Received Import Request.
  Time since last request: 328.925474 seconds.
  path: Assets/Sprites&Tiles/Sprites/Coin.anim
  artifactKey: Guid(731ec81d8db17a24cb76e4f20793a5d4) Importer(815301076,1909f56bfc062723c751e8b465ee728b)
Start importing Assets/Sprites&Tiles/Sprites/Coin.anim using Guid(731ec81d8db17a24cb76e4f20793a5d4) Importer(815301076,1909f56bfc062723c751e8b465ee728b)  -> (artifact id: 'cd4ef1dc8440d6aa16f19f9b17bbdef3') in 0.016221 seconds
  Import took 0.023604 seconds .

========================================================================
Received Import Request.
  Time since last request: 14.459408 seconds.
  path: Assets/Sprites&Tiles/Sprites/Coin Spin.anim
  artifactKey: Guid(731ec81d8db17a24cb76e4f20793a5d4) Importer(815301076,1909f56bfc062723c751e8b465ee728b)
Start importing Assets/Sprites&Tiles/Sprites/Coin Spin.anim using Guid(731ec81d8db17a24cb76e4f20793a5d4) Importer(815301076,1909f56bfc062723c751e8b465ee728b)  -> (artifact id: 'd5e078d06d33c27ae36007480cb9ab7d') in 0.010344 seconds
  Import took 0.018570 seconds .

========================================================================
Received Import Request.
  Time since last request: 33.031072 seconds.
  path: Assets/Animations/Coin.controller
  artifactKey: Guid(d36aabdce3b3cb04ea4a0a9b743c0209) Importer(815301076,1909f56bfc062723c751e8b465ee728b)
Start importing Assets/Animations/Coin.controller using Guid(d36aabdce3b3cb04ea4a0a9b743c0209) Importer(815301076,1909f56bfc062723c751e8b465ee728b)  -> (artifact id: '0a1b10f167acbe835f2823d65dd53937') in 0.009407 seconds
  Import took 0.014980 seconds .

========================================================================
Received Prepare
Registering precompiled user dll's ...
Registered in 0.001014 seconds.
Begin MonoManager ReloadAssembly
Native extension for WindowsStandalone target not found
Native extension for WebGL target not found
Refreshing native plugins compatible for Editor in 0.50 ms, found 1 plugins.
Preloading 0 native plugins for Editor in 0.00 ms.
Invoked RoslynAnalysisRunner static constructor.
RoslynAnalysisRunner will not be running.
RoslynAnalysisRunner has terminated.
Mono: successfully reloaded assembly
- Completed reload, in  1.018 seconds
Platform modules already initialized, skipping
Refreshing native plugins compatible for Editor in 0.55 ms, found 1 plugins.
Preloading 0 native plugins for Editor in 0.00 ms.
Unloading 2124 Unused Serialized files (Serialized files now loaded: 0)
System memory in use before: 105.0 MB.
System memory in use after: 104.6 MB.

Unloading 15 unused Assets to reduce memory usage. Loaded Objects now: 2618.
Total: 4.246400 ms (FindLiveObjects: 0.356800 ms CreateObjectMapping: 0.252900 ms MarkObjects: 3.079200 ms  DeleteObjects: 0.526000 ms)

========================================================================
Received Prepare
Registering precompiled user dll's ...
Registered in 0.000983 seconds.
Begin MonoManager ReloadAssembly
Native extension for WindowsStandalone target not found
Native extension for WebGL target not found
Refreshing native plugins compatible for Editor in 0.50 ms, found 1 plugins.
Preloading 0 native plugins for Editor in 0.00 ms.
Invoked RoslynAnalysisRunner static constructor.
RoslynAnalysisRunner will not be running.
RoslynAnalysisRunner has terminated.
Mono: successfully reloaded assembly
- Completed reload, in  1.016 seconds
Platform modules already initialized, skipping
Refreshing native plugins compatible for Editor in 0.51 ms, found 1 plugins.
Preloading 0 native plugins for Editor in 0.00 ms.
Unloading 2124 Unused Serialized files (Serialized files now loaded: 0)
System memory in use before: 105.0 MB.
System memory in use after: 104.6 MB.

Unloading 15 unused Assets to reduce memory usage. Loaded Objects now: 2622.
Total: 3.132100 ms (FindLiveObjects: 0.340700 ms CreateObjectMapping: 0.204200 ms MarkObjects: 2.048600 ms  DeleteObjects: 0.537300 ms)

========================================================================
Received Prepare
Registering precompiled user dll's ...
Registered in 0.001690 seconds.
Begin MonoManager ReloadAssembly
Native extension for WindowsStandalone target not found
Native extension for WebGL target not found
Refreshing native plugins compatible for Editor in 0.84 ms, found 1 plugins.
Preloading 0 native plugins for Editor in 0.00 ms.
Invoked RoslynAnalysisRunner static constructor.
RoslynAnalysisRunner will not be running.
RoslynAnalysisRunner has terminated.
Mono: successfully reloaded assembly
- Completed reload, in  2.177 seconds
Platform modules already initialized, skipping
Refreshing native plugins compatible for Editor in 1.23 ms, found 1 plugins.
Preloading 0 native plugins for Editor in 0.00 ms.
Unloading 2124 Unused Serialized files (Serialized files now loaded: 0)
System memory in use before: 105.1 MB.
System memory in use after: 104.7 MB.

Unloading 15 unused Assets to reduce memory usage. Loaded Objects now: 2626.
Total: 13.164400 ms (FindLiveObjects: 0.732400 ms CreateObjectMapping: 0.644600 ms MarkObjects: 9.645500 ms  DeleteObjects: 2.138000 ms)

========================================================================
Received Import Request.
  Time since last request: 269.426426 seconds.
  path: Assets/Prefabs/Coin.prefab
  artifactKey: Guid(f4a8f32c070468c4693250f834634469) Importer(815301076,1909f56bfc062723c751e8b465ee728b)
Start importing Assets/Prefabs/Coin.prefab using Guid(f4a8f32c070468c4693250f834634469) Importer(815301076,1909f56bfc062723c751e8b465ee728b) The Animator Controller (Coin) you have used is not valid. Animations will not play
UnityEngine.StackTraceUtility:ExtractStackTrace ()
UnityEditor.EditorUtility:Internal_InstantiateRemoveAllNonAnimationComponentsSingle (UnityEngine.Object,UnityEngine.Vector3,UnityEngine.Quaternion)
UnityEditor.EditorUtility:InstantiateRemoveAllNonAnimationComponents (UnityEngine.Object,UnityEngine.Vector3,UnityEngine.Quaternion)
UnityEditor.EditorUtility:InstantiateForAnimatorPreview (UnityEngine.Object)
UnityEditor.GameObjectInspector/PreviewData:UpdateGameObject (UnityEngine.Object)
UnityEditor.GameObjectInspector/PreviewData:.ctor (UnityEngine.Object)
UnityEditor.GameObjectInspector:GetPreviewData ()
UnityEditor.GameObjectInspector:RenderStaticPreview (string,UnityEngine.Object[],int,int)
UnityEditor.AssetPreviewUpdater:CreatePreviewForAsset (UnityEngine.Object,UnityEngine.Object[],string)

[C:\buildslave\unity\build\Modules/Animation/Director/AnimatorControllerPlayable.cpp line 333]

The Animator Controller (Coin) you have used is not valid. Animations will not play
UnityEngine.StackTraceUtility:ExtractStackTrace ()
UnityEditor.EditorUtility:InitInstantiatedPreviewRecursive (UnityEngine.GameObject)
UnityEditor.EditorUtility:InstantiateForAnimatorPreview (UnityEngine.Object)
UnityEditor.GameObjectInspector/PreviewData:UpdateGameObject (UnityEngine.Object)
UnityEditor.GameObjectInspector/PreviewData:.ctor (UnityEngine.Object)
UnityEditor.GameObjectInspector:GetPreviewData ()
UnityEditor.GameObjectInspector:RenderStaticPreview (string,UnityEngine.Object[],int,int)
UnityEditor.AssetPreviewUpdater:CreatePreviewForAsset (UnityEngine.Object,UnityEngine.Object[],string)

[C:\buildslave\unity\build\Modules/Animation/Director/AnimatorControllerPlayable.cpp line 333]

 -> (artifact id: '5bf69ae75c95179d320aef9d81c757d0') in 0.203497 seconds
  Import took 0.226413 seconds .

========================================================================
Received Prepare
Registering precompiled user dll's ...
Registered in 0.001005 seconds.
Begin MonoManager ReloadAssembly
Native extension for WindowsStandalone target not found
Native extension for WebGL target not found
Refreshing native plugins compatible for Editor in 0.48 ms, found 1 plugins.
Preloading 0 native plugins for Editor in 0.00 ms.
Invoked RoslynAnalysisRunner static constructor.
RoslynAnalysisRunner will not be running.
RoslynAnalysisRunner has terminated.
Mono: successfully reloaded assembly
- Completed reload, in  1.081 seconds
Platform modules already initialized, skipping
Refreshing native plugins compatible for Editor in 0.52 ms, found 1 plugins.
Preloading 0 native plugins for Editor in 0.00 ms.
Unloading 2125 Unused Serialized files (Serialized files now loaded: 0)
System memory in use before: 105.3 MB.
System memory in use after: 104.9 MB.

Unloading 15 unused Assets to reduce memory usage. Loaded Objects now: 2636.
Total: 3.385500 ms (FindLiveObjects: 0.251500 ms CreateObjectMapping: 0.121700 ms MarkObjects: 2.497100 ms  DeleteObjects: 0.495200 ms)

========================================================================
Received Import Request.
  Time since last request: 134.894844 seconds.
  path: Assets/CoinPickup.cs
  artifactKey: Guid(d08449208bec04741b3c27b7a0e090a1) Importer(815301076,1909f56bfc062723c751e8b465ee728b)
Start importing Assets/CoinPickup.cs using Guid(d08449208bec04741b3c27b7a0e090a1) Importer(815301076,1909f56bfc062723c751e8b465ee728b)  -> (artifact id: '467d47c4f0c3d0cfd5d0594f26dfc612') in 0.031930 seconds
  Import took 0.052696 seconds .

========================================================================
Received Prepare
Registering precompiled user dll's ...
Registered in 0.001173 seconds.
Begin MonoManager ReloadAssembly
Native extension for WindowsStandalone target not found
Native extension for WebGL target not found
Refreshing native plugins compatible for Editor in 0.55 ms, found 1 plugins.
Preloading 0 native plugins for Editor in 0.00 ms.
Invoked RoslynAnalysisRunner static constructor.
RoslynAnalysisRunner will not be running.
RoslynAnalysisRunner has terminated.
Mono: successfully reloaded assembly
- Completed reload, in  1.064 seconds
Platform modules already initialized, skipping
Refreshing native plugins compatible for Editor in 0.51 ms, found 1 plugins.
Preloading 0 native plugins for Editor in 0.00 ms.
Unloading 2125 Unused Serialized files (Serialized files now loaded: 0)
System memory in use before: 105.4 MB.
System memory in use after: 104.9 MB.

Unloading 15 unused Assets to reduce memory usage. Loaded Objects now: 2640.
Total: 3.628700 ms (FindLiveObjects: 0.306800 ms CreateObjectMapping: 0.174500 ms MarkObjects: 2.622800 ms  DeleteObjects: 0.523200 ms)

========================================================================
Received Import Request.
  Time since last request: 100.895933 seconds.
  path: Assets/CoinPickup.cs
  artifactKey: Guid(d08449208bec04741b3c27b7a0e090a1) Importer(815301076,1909f56bfc062723c751e8b465ee728b)
Start importing Assets/CoinPickup.cs using Guid(d08449208bec04741b3c27b7a0e090a1) Importer(815301076,1909f56bfc062723c751e8b465ee728b)  -> (artifact id: 'a49ee572144b3895b63519afe5e88c9f') in 0.006358 seconds
  Import took 0.029306 seconds .

========================================================================
Received Prepare
Registering precompiled user dll's ...
Registered in 0.001116 seconds.
Begin MonoManager ReloadAssembly
Native extension for WindowsStandalone target not found
Native extension for WebGL target not found
Refreshing native plugins compatible for Editor in 0.73 ms, found 1 plugins.
Preloading 0 native plugins for Editor in 0.00 ms.
Invoked RoslynAnalysisRunner static constructor.
RoslynAnalysisRunner will not be running.
RoslynAnalysisRunner has terminated.
Mono: successfully reloaded assembly
- Completed reload, in  1.042 seconds
Platform modules already initialized, skipping
Refreshing native plugins compatible for Editor in 0.50 ms, found 1 plugins.
Preloading 0 native plugins for Editor in 0.00 ms.
Unloading 2125 Unused Serialized files (Serialized files now loaded: 0)
System memory in use before: 105.4 MB.
System memory in use after: 104.9 MB.

Unloading 15 unused Assets to reduce memory usage. Loaded Objects now: 2644.
Total: 4.282600 ms (FindLiveObjects: 0.275000 ms CreateObjectMapping: 0.209400 ms MarkObjects: 3.203000 ms  DeleteObjects: 0.593700 ms)

AssetImportWorkerClient::OnTransportError - code=2 error=End of file
